This file contains any messages produced by compilers while
running configure, to aid debugging if configure makes a mistake.

It was created by openconnect configure 7.08, which was
generated by GNU Autoconf 2.69.  Invocation command line was

  $ ./configure --without-openssl-version-check --without-gnutls --with-vpnc-script=/usr/share/vpnc-scripts/vpnc-script

## --------- ##
## Platform. ##
## --------- ##

hostname = vanguard-pc
uname -m = x86_64
uname -r = 4.15.0-30-generic
uname -s = Linux
uname -v = #32~16.04.1-Ubuntu SMP Thu Jul 26 20:25:39 UTC 2018

/usr/bin/uname -p = unknown
/bin/uname -X     = unknown

/bin/arch              = unknown
/usr/bin/arch -k       = unknown
/usr/convex/getsysinfo = unknown
/usr/bin/hostinfo      = unknown
/bin/machine           = unknown
/usr/bin/oslevel       = unknown
/bin/universe          = unknown

PATH: /home/vanguard/bin
PATH: /home/vanguard/.local/bin
PATH: /usr/local/sbin
PATH: /usr/local/bin
PATH: /usr/sbin
PATH: /usr/bin
PATH: /sbin
PATH: /bin
PATH: /usr/games
PATH: /usr/local/games
PATH: /snap/bin


## ----------- ##
## Core tests. ##
## ----------- ##

configure:2510: checking for pkg-config
configure:2528: found /usr/bin/pkg-config
configure:2540: result: /usr/bin/pkg-config
configure:2565: checking pkg-config is at least version 0.9.0
configure:2568: result: yes
configure:2615: checking build system type
configure:2629: result: x86_64-unknown-linux-gnu
configure:2649: checking host system type
configure:2662: result: x86_64-unknown-linux-gnu
configure:2683: checking whether to enable maintainer-specific portions of Makefiles
configure:2692: result: yes
configure:2721: checking for a BSD-compatible install
configure:2789: result: /usr/bin/install -c
configure:2800: checking whether build environment is sane
configure:2855: result: yes
configure:3006: checking for a thread-safe mkdir -p
configure:3045: result: /bin/mkdir -p
configure:3052: checking for gawk
configure:3082: result: no
configure:3052: checking for mawk
configure:3068: found /usr/bin/mawk
configure:3079: result: mawk
configure:3090: checking whether make sets $(MAKE)
configure:3112: result: yes
configure:3141: checking whether make supports nested variables
configure:3158: result: yes
configure:3247: checking whether UID '1000' is supported by ustar format
configure:3250: result: yes
configure:3257: checking whether GID '1000' is supported by ustar format
configure:3260: result: yes
configure:3268: checking how to create a ustar tar archive
configure:3279: tar --version
tar (GNU tar) 1.28
Copyright (C) 2014 Free Software Foundation, Inc.
License GPLv3+: GNU GPL version 3 or later <http://gnu.org/licenses/gpl.html>.
This is free software: you are free to change and redistribute it.
There is NO WARRANTY, to the extent permitted by law.

Written by John Gilmore and Jay Fenlason.
configure:3282: $? = 0
configure:3322: tardir=conftest.dir && eval tar --format=ustar -chf - "$tardir" >conftest.tar
configure:3325: $? = 0
configure:3329: tar -xf - <conftest.tar
configure:3332: $? = 0
configure:3334: cat conftest.dir/file
GrepMe
configure:3337: $? = 0
configure:3350: result: gnutar
configure:3411: checking whether make supports nested variables
configure:3428: result: yes
configure:3470: Applying feature macros for GNU build
configure:3595: checking for style of include used by make
configure:3623: result: GNU
configure:3694: checking for gcc
configure:3710: found /usr/bin/gcc
configure:3721: result: gcc
configure:3950: checking for C compiler version
configure:3959: gcc --version >&5
gcc (Ubuntu 5.4.0-6ubuntu1~16.04.11) 5.4.0 20160609
Copyright (C) 2015 Free Software Foundation, Inc.
This is free software; see the source for copying conditions.  There is NO
warranty; not even for MERCHANTABILITY or FITNESS FOR A PARTICULAR PURPOSE.

configure:3970: $? = 0
configure:3959: gcc -v >&5
Using built-in specs.
COLLECT_GCC=gcc
COLLECT_LTO_WRAPPER=/usr/lib/gcc/x86_64-linux-gnu/5/lto-wrapper
Target: x86_64-linux-gnu
Configured with: ../src/configure -v --with-pkgversion='Ubuntu 5.4.0-6ubuntu1~16.04.11' --with-bugurl=file:///usr/share/doc/gcc-5/README.Bugs --enable-languages=c,ada,c++,java,go,d,fortran,objc,obj-c++ --prefix=/usr --program-suffix=-5 --enable-shared --enable-linker-build-id --libexecdir=/usr/lib --without-included-gettext --enable-threads=posix --libdir=/usr/lib --enable-nls --with-sysroot=/ --enable-clocale=gnu --enable-libstdcxx-debug --enable-libstdcxx-time=yes --with-default-libstdcxx-abi=new --enable-gnu-unique-object --disable-vtable-verify --enable-libmpx --enable-plugin --with-system-zlib --disable-browser-plugin --enable-java-awt=gtk --enable-gtk-cairo --with-java-home=/usr/lib/jvm/java-1.5.0-gcj-5-amd64/jre --enable-java-home --with-jvm-root-dir=/usr/lib/jvm/java-1.5.0-gcj-5-amd64 --with-jvm-jar-dir=/usr/lib/jvm-exports/java-1.5.0-gcj-5-amd64 --with-arch-directory=amd64 --with-ecj-jar=/usr/share/java/eclipse-ecj.jar --enable-objc-gc --enable-multiarch --disable-werror --with-arch-32=i686 --with-abi=m64 --with-multilib-list=m32,m64,mx32 --enable-multilib --with-tune=generic --enable-checking=release --build=x86_64-linux-gnu --host=x86_64-linux-gnu --target=x86_64-linux-gnu
Thread model: posix
gcc version 5.4.0 20160609 (Ubuntu 5.4.0-6ubuntu1~16.04.11) 
configure:3970: $? = 0
configure:3959: gcc -V >&5
gcc: error: unrecognized command line option '-V'
gcc: fatal error: no input files
compilation terminated.
configure:3970: $? = 1
configure:3959: gcc -qversion >&5
gcc: error: unrecognized command line option '-qversion'
gcc: fatal error: no input files
compilation terminated.
configure:3970: $? = 1
configure:3990: checking whether the C compiler works
configure:4012: gcc    conftest.c  >&5
configure:4016: $? = 0
configure:4064: result: yes
configure:4067: checking for C compiler default output file name
configure:4069: result: a.out
configure:4075: checking for suffix of executables
configure:4082: gcc -o conftest    conftest.c  >&5
configure:4086: $? = 0
configure:4108: result: 
configure:4130: checking whether we are cross compiling
configure:4138: gcc -o conftest    conftest.c  >&5
configure:4142: $? = 0
configure:4149: ./conftest
configure:4153: $? = 0
configure:4168: result: no
configure:4173: checking for suffix of object files
configure:4195: gcc -c   conftest.c >&5
configure:4199: $? = 0
configure:4220: result: o
configure:4224: checking whether we are using the GNU C compiler
configure:4243: gcc -c   conftest.c >&5
configure:4243: $? = 0
configure:4252: result: yes
configure:4261: checking whether gcc accepts -g
configure:4281: gcc -c -g  conftest.c >&5
configure:4281: $? = 0
configure:4322: result: yes
configure:4339: checking for gcc option to accept ISO C89
configure:4402: gcc  -c -g -O2  conftest.c >&5
configure:4402: $? = 0
configure:4415: result: none needed
configure:4440: checking whether gcc understands -c and -o together
configure:4462: gcc -c conftest.c -o conftest2.o
configure:4465: $? = 0
configure:4462: gcc -c conftest.c -o conftest2.o
configure:4465: $? = 0
configure:4477: result: yes
configure:4496: checking dependency style of gcc
configure:4607: result: gcc3
configure:4623: checking for fdevname_r
configure:4623: gcc -o conftest -g -O2   conftest.c  >&5
/tmp/ccQ3Fede.o: In function `main':
/home/vanguard/Downloads/openconnect-7.08/conftest.c:47: undefined reference to `fdevname_r'
collect2: error: ld returned 1 exit status
configure:4623: $? = 1
configure: failed program was:
| /* confdefs.h */
| #define PACKAGE_NAME "openconnect"
| #define PACKAGE_TARNAME "openconnect"
| #define PACKAGE_VERSION "7.08"
| #define PACKAGE_STRING "openconnect 7.08"
| #define PACKAGE_BUGREPORT ""
| #define PACKAGE_URL ""
| #define PACKAGE "openconnect"
| #define VERSION "7.08"
| #define _GNU_SOURCE 1
| #define DEFAULT_VPNCSCRIPT "/usr/share/vpnc-scripts/vpnc-script"
| /* end confdefs.h.  */
| /* Define fdevname_r to an innocuous variant, in case <limits.h> declares fdevname_r.
|    For example, HP-UX 11i <limits.h> declares gettimeofday.  */
| #define fdevname_r innocuous_fdevname_r
| 
| /* System header to define __stub macros and hopefully few prototypes,
|     which can conflict with char fdevname_r (); below.
|     Prefer <limits.h> to <assert.h> if __STDC__ is defined, since
|     <limits.h> exists even on freestanding compilers.  */
| 
| #ifdef __STDC__
| # include <limits.h>
| #else
| # include <assert.h>
| #endif
| 
| #undef fdevname_r
| 
| /* Override any GCC internal prototype to avoid an error.
|    Use char because int might match the return type of a GCC
|    builtin and then its argument prototype would still apply.  */
| #ifdef __cplusplus
| extern "C"
| #endif
| char fdevname_r ();
| /* The GNU C library defines this for functions which it implements
|     to always fail with ENOSYS.  Some functions are actually named
|     something starting with __ and the normal name is an alias.  */
| #if defined __stub_fdevname_r || defined __stub___fdevname_r
| choke me
| #endif
| 
| int
| main ()
| {
| return fdevname_r ();
|   ;
|   return 0;
| }
configure:4623: result: no
configure:4630: checking for statfs
configure:4630: gcc -o conftest -g -O2   conftest.c  >&5
configure:4630: $? = 0
configure:4630: result: yes
configure:4637: checking for getline
configure:4637: gcc -o conftest -g -O2   conftest.c  >&5
configure:4637: $? = 0
configure:4637: result: yes
configure:4646: checking for strcasestr
configure:4646: gcc -o conftest -g -O2   conftest.c  >&5
configure:4646: $? = 0
configure:4646: result: yes
configure:4653: checking for strndup
configure:4653: gcc -o conftest -g -O2   conftest.c  >&5
conftest.c:39:6: warning: conflicting types for built-in function 'strndup'
 char strndup ();
      ^
configure:4653: $? = 0
configure:4653: result: yes
configure:4660: checking for asprintf
configure:4660: gcc -o conftest -g -O2   conftest.c  >&5
configure:4660: $? = 0
configure:4660: result: yes
configure:4669: checking for vasprintf
configure:4669: gcc -o conftest -g -O2   conftest.c  >&5
configure:4669: $? = 0
configure:4669: result: yes
configure:4769: checking for supported compiler flags
configure:4786: gcc -c -g -O2 -Wall  conftest.c >&5
configure:4786: $? = 0
configure:4786: gcc -c -g -O2 -Wextra  conftest.c >&5
configure:4786: $? = 0
configure:4786: gcc -c -g -O2 -Wno-missing-field-initializers  conftest.c >&5
configure:4786: $? = 0
configure:4786: gcc -c -g -O2 -Wno-sign-compare  conftest.c >&5
configure:4786: $? = 0
configure:4786: gcc -c -g -O2 -Wno-unused-parameter  conftest.c >&5
configure:4786: $? = 0
configure:4786: gcc -c -g -O2 -Werror=pointer-to-int-cast  conftest.c >&5
configure:4786: $? = 0
configure:4786: gcc -c -g -O2 -Wdeclaration-after-statement  conftest.c >&5
configure:4786: $? = 0
configure:4786: gcc -c -g -O2 -Werror-implicit-function-declaration  conftest.c >&5
configure:4786: $? = 0
configure:4786: gcc -c -g -O2 -Wformat-nonliteral  conftest.c >&5
configure:4786: $? = 0
configure:4786: gcc -c -g -O2 -Wformat-security  conftest.c >&5
configure:4786: $? = 0
configure:4786: gcc -c -g -O2 -Winit-self  conftest.c >&5
configure:4786: $? = 0
configure:4786: gcc -c -g -O2 -Wmissing-declarations  conftest.c >&5
configure:4786: $? = 0
configure:4786: gcc -c -g -O2 -Wmissing-include-dirs  conftest.c >&5
configure:4786: $? = 0
configure:4786: gcc -c -g -O2 -Wnested-externs  conftest.c >&5
configure:4786: $? = 0
configure:4786: gcc -c -g -O2 -Wpointer-arith  conftest.c >&5
configure:4786: $? = 0
configure:4786: gcc -c -g -O2 -Wwrite-strings  conftest.c >&5
configure:4786: $? = 0
configure:4800: result:  -Wall -Wextra -Wno-missing-field-initializers -Wno-sign-compare -Wno-unused-parameter -Werror=pointer-to-int-cast -Wdeclaration-after-statement -Werror-implicit-function-declaration -Wformat-nonliteral -Wformat-security -Winit-self -Wmissing-declarations -Wmissing-include-dirs -Wnested-externs -Wpointer-arith -Wwrite-strings
configure:4815: checking for socket
configure:4815: gcc -o conftest -g -O2   conftest.c  >&5
configure:4815: $? = 0
configure:4815: result: yes
configure:4871: checking for inet_aton
configure:4871: gcc -o conftest -g -O2   conftest.c  >&5
configure:4871: $? = 0
configure:4871: result: yes
configure:4930: checking for IPV6_PATHMTU socket option
configure:4947: gcc -c -g -O2  conftest.c >&5
configure:4947: $? = 0
configure:4951: result: yes
configure:4959: checking for __android_log_vprint
configure:4959: gcc -o conftest -g -O2   conftest.c  >&5
/tmp/ccWKDeAt.o: In function `main':
/home/vanguard/Downloads/openconnect-7.08/conftest.c:55: undefined reference to `__android_log_vprint'
collect2: error: ld returned 1 exit status
configure:4959: $? = 1
configure: failed program was:
| /* confdefs.h */
| #define PACKAGE_NAME "openconnect"
| #define PACKAGE_TARNAME "openconnect"
| #define PACKAGE_VERSION "7.08"
| #define PACKAGE_STRING "openconnect 7.08"
| #define PACKAGE_BUGREPORT ""
| #define PACKAGE_URL ""
| #define PACKAGE "openconnect"
| #define VERSION "7.08"
| #define _GNU_SOURCE 1
| #define DEFAULT_VPNCSCRIPT "/usr/share/vpnc-scripts/vpnc-script"
| #define HAVE_STATFS 1
| #define HAVE_GETLINE 1
| #define HAVE_STRCASESTR 1
| #define HAVE_STRNDUP 1
| #define HAVE_ASPRINTF 1
| #define HAVE_VASPRINTF 1
| #define HAVE_INET_ATON 1
| #define HAVE_IPV6_PATHMTU 1
| /* end confdefs.h.  */
| /* Define __android_log_vprint to an innocuous variant, in case <limits.h> declares __android_log_vprint.
|    For example, HP-UX 11i <limits.h> declares gettimeofday.  */
| #define __android_log_vprint innocuous___android_log_vprint
| 
| /* System header to define __stub macros and hopefully few prototypes,
|     which can conflict with char __android_log_vprint (); below.
|     Prefer <limits.h> to <assert.h> if __STDC__ is defined, since
|     <limits.h> exists even on freestanding compilers.  */
| 
| #ifdef __STDC__
| # include <limits.h>
| #else
| # include <assert.h>
| #endif
| 
| #undef __android_log_vprint
| 
| /* Override any GCC internal prototype to avoid an error.
|    Use char because int might match the return type of a GCC
|    builtin and then its argument prototype would still apply.  */
| #ifdef __cplusplus
| extern "C"
| #endif
| char __android_log_vprint ();
| /* The GNU C library defines this for functions which it implements
|     to always fail with ENOSYS.  Some functions are actually named
|     something starting with __ and the normal name is an alias.  */
| #if defined __stub___android_log_vprint || defined __stub_____android_log_vprint
| choke me
| #endif
| 
| int
| main ()
| {
| return __android_log_vprint ();
|   ;
|   return 0;
| }
configure:4959: result: no
configure:4963: checking for __android_log_vprint in -llog
configure:4988: gcc -o conftest -g -O2   conftest.c -llog   >&5
/usr/bin/ld: cannot find -llog
collect2: error: ld returned 1 exit status
configure:4988: $? = 1
configure: failed program was:
| /* confdefs.h */
| #define PACKAGE_NAME "openconnect"
| #define PACKAGE_TARNAME "openconnect"
| #define PACKAGE_VERSION "7.08"
| #define PACKAGE_STRING "openconnect 7.08"
| #define PACKAGE_BUGREPORT ""
| #define PACKAGE_URL ""
| #define PACKAGE "openconnect"
| #define VERSION "7.08"
| #define _GNU_SOURCE 1
| #define DEFAULT_VPNCSCRIPT "/usr/share/vpnc-scripts/vpnc-script"
| #define HAVE_STATFS 1
| #define HAVE_GETLINE 1
| #define HAVE_STRCASESTR 1
| #define HAVE_STRNDUP 1
| #define HAVE_ASPRINTF 1
| #define HAVE_VASPRINTF 1
| #define HAVE_INET_ATON 1
| #define HAVE_IPV6_PATHMTU 1
| /* end confdefs.h.  */
| 
| /* Override any GCC internal prototype to avoid an error.
|    Use char because int might match the return type of a GCC
|    builtin and then its argument prototype would still apply.  */
| #ifdef __cplusplus
| extern "C"
| #endif
| char __android_log_vprint ();
| int
| main ()
| {
| return __android_log_vprint ();
|   ;
|   return 0;
| }
configure:4997: result: no
configure:5074: checking for nl_langinfo
configure:5074: gcc -o conftest -g -O2   conftest.c  >&5
configure:5074: $? = 0
configure:5074: result: yes
configure:5124: checking for ld used by gcc
configure:5191: result: /usr/bin/ld
configure:5198: checking if the linker (/usr/bin/ld) is GNU ld
configure:5213: result: yes
configure:5220: checking for shared library run path origin
configure:5233: result: done
configure:5257: checking how to run the C preprocessor
configure:5288: gcc -E  conftest.c
configure:5288: $? = 0
configure:5302: gcc -E  conftest.c
conftest.c:22:28: fatal error: ac_nonexistent.h: No such file or directory
compilation terminated.
configure:5302: $? = 1
configure: failed program was:
| /* confdefs.h */
| #define PACKAGE_NAME "openconnect"
| #define PACKAGE_TARNAME "openconnect"
| #define PACKAGE_VERSION "7.08"
| #define PACKAGE_STRING "openconnect 7.08"
| #define PACKAGE_BUGREPORT ""
| #define PACKAGE_URL ""
| #define PACKAGE "openconnect"
| #define VERSION "7.08"
| #define _GNU_SOURCE 1
| #define DEFAULT_VPNCSCRIPT "/usr/share/vpnc-scripts/vpnc-script"
| #define HAVE_STATFS 1
| #define HAVE_GETLINE 1
| #define HAVE_STRCASESTR 1
| #define HAVE_STRNDUP 1
| #define HAVE_ASPRINTF 1
| #define HAVE_VASPRINTF 1
| #define HAVE_INET_ATON 1
| #define HAVE_IPV6_PATHMTU 1
| #define HAVE_NL_LANGINFO 1
| /* end confdefs.h.  */
| #include <ac_nonexistent.h>
configure:5327: result: gcc -E
configure:5347: gcc -E  conftest.c
configure:5347: $? = 0
configure:5361: gcc -E  conftest.c
conftest.c:22:28: fatal error: ac_nonexistent.h: No such file or directory
compilation terminated.
configure:5361: $? = 1
configure: failed program was:
| /* confdefs.h */
| #define PACKAGE_NAME "openconnect"
| #define PACKAGE_TARNAME "openconnect"
| #define PACKAGE_VERSION "7.08"
| #define PACKAGE_STRING "openconnect 7.08"
| #define PACKAGE_BUGREPORT ""
| #define PACKAGE_URL ""
| #define PACKAGE "openconnect"
| #define VERSION "7.08"
| #define _GNU_SOURCE 1
| #define DEFAULT_VPNCSCRIPT "/usr/share/vpnc-scripts/vpnc-script"
| #define HAVE_STATFS 1
| #define HAVE_GETLINE 1
| #define HAVE_STRCASESTR 1
| #define HAVE_STRNDUP 1
| #define HAVE_ASPRINTF 1
| #define HAVE_VASPRINTF 1
| #define HAVE_INET_ATON 1
| #define HAVE_IPV6_PATHMTU 1
| #define HAVE_NL_LANGINFO 1
| /* end confdefs.h.  */
| #include <ac_nonexistent.h>
configure:5390: checking for grep that handles long lines and -e
configure:5448: result: /bin/grep
configure:5453: checking for egrep
configure:5515: result: /bin/grep -E
configure:6079: checking for iconv
configure:6103: gcc -o conftest -g -O2   conftest.c  >&5
configure:6103: $? = 0
configure:6137: result: yes
configure:6140: checking for working iconv
configure:6260: gcc -o conftest -g -O2   conftest.c  >&5
configure:6260: $? = 0
configure:6260: ./conftest
configure:6260: $? = 0
configure:6272: result: yes
configure:6300: checking for iconv declaration
configure:6329: gcc -c -g -O2  conftest.c >&5
configure:6329: $? = 0
configure:6340: result:
         extern size_t iconv (iconv_t cd, char * *inbuf, size_t *inbytesleft, char * *outbuf, size_t *outbytesleft);
configure:6381: checking for msgfmt
configure:6399: found /usr/bin/msgfmt
configure:6411: result: /usr/bin/msgfmt
configure:6425: checking for functional NLS support
configure:6443: gcc -o conftest -g -O2   conftest.c  >&5
configure:6443: $? = 0
configure:6444: result: yes
configure:7099: checking for OPENSSL
configure:7106: $PKG_CONFIG --exists --print-errors "openssl"
configure:7109: $? = 0
configure:7123: $PKG_CONFIG --exists --print-errors "openssl"
configure:7126: $? = 0
configure:7236: result: yes
configure:7244: checking for P11KIT
configure:7251: $PKG_CONFIG --exists --print-errors "p11-kit-1"
Package p11-kit-1 was not found in the pkg-config search path.
Perhaps you should add the directory containing `p11-kit-1.pc'
to the PKG_CONFIG_PATH environment variable
No package 'p11-kit-1' found
configure:7254: $? = 1
configure:7268: $PKG_CONFIG --exists --print-errors "p11-kit-1"
Package p11-kit-1 was not found in the pkg-config search path.
Perhaps you should add the directory containing `p11-kit-1.pc'
to the PKG_CONFIG_PATH environment variable
No package 'p11-kit-1' found
configure:7271: $? = 1
configure:7285: result: no
No package 'p11-kit-1' found
configure:7552: checking for ENGINE_by_id() in OpenSSL
configure:7565: gcc -o conftest -g -O2    conftest.c  -lssl -lcrypto >&5
configure:7565: $? = 0
configure:7566: result: yes
configure:7580: checking for dtls1_stop_timer() in OpenSSL
configure:7595: gcc -o conftest -g -O2    conftest.c  -lssl -lcrypto >&5
/tmp/cc5bv9ih.o: In function `main':
/home/vanguard/Downloads/openconnect-7.08/conftest.c:33: undefined reference to `dtls1_stop_timer'
collect2: error: ld returned 1 exit status
configure:7595: $? = 1
configure: failed program was:
| /* confdefs.h */
| #define PACKAGE_NAME "openconnect"
| #define PACKAGE_TARNAME "openconnect"
| #define PACKAGE_VERSION "7.08"
| #define PACKAGE_STRING "openconnect 7.08"
| #define PACKAGE_BUGREPORT ""
| #define PACKAGE_URL ""
| #define PACKAGE "openconnect"
| #define VERSION "7.08"
| #define _GNU_SOURCE 1
| #define DEFAULT_VPNCSCRIPT "/usr/share/vpnc-scripts/vpnc-script"
| #define HAVE_STATFS 1
| #define HAVE_GETLINE 1
| #define HAVE_STRCASESTR 1
| #define HAVE_STRNDUP 1
| #define HAVE_ASPRINTF 1
| #define HAVE_VASPRINTF 1
| #define HAVE_INET_ATON 1
| #define HAVE_IPV6_PATHMTU 1
| #define HAVE_NL_LANGINFO 1
| #define HAVE_ICONV 1
| #define ICONV_CONST 
| #define HAVE_ICONV 1
| #define ENABLE_NLS 1
| #define HAVE_ENGINE 1
| /* end confdefs.h.  */
| #include <openssl/ssl.h>
| 					 #include <stdlib.h>
| 					 extern void dtls1_stop_timer(SSL *);
| int
| main ()
| {
| dtls1_stop_timer(NULL);
|   ;
|   return 0;
| }
configure:7602: result: no
configure:7608: checking for DTLSv1_2_client_method() in OpenSSL
configure:7621: gcc -o conftest -g -O2    conftest.c  -lssl -lcrypto >&5
configure:7621: $? = 0
configure:7622: result: yes
configure:7634: checking for HMAC_CTX_copy
configure:7634: gcc -o conftest -g -O2    conftest.c  -lssl -lcrypto >&5
configure:7634: $? = 0
configure:7634: result: yes
configure:8060: checking for LIBLZ4
configure:8067: $PKG_CONFIG --exists --print-errors "liblz4"
configure:8070: $? = 0
configure:8084: $PKG_CONFIG --exists --print-errors "liblz4"
configure:8087: $? = 0
configure:8143: result: yes
configure:8156: checking for LZ4_compress_default()
configure:8171: gcc -o conftest -g -O2    conftest.c  -llz4 >&5
configure:8171: $? = 0
configure:8172: result: yes
configure:8193: checking for egrep
configure:8255: result: /bin/grep -E
configure:8308: checking how to print strings
configure:8335: result: printf
configure:8356: checking for a sed that does not truncate output
configure:8420: result: /bin/sed
configure:8438: checking for fgrep
configure:8500: result: /bin/grep -F
configure:8535: checking for ld used by gcc
configure:8602: result: /usr/bin/ld
configure:8609: checking if the linker (/usr/bin/ld) is GNU ld
configure:8624: result: yes
configure:8636: checking for BSD- or MS-compatible name lister (nm)
configure:8690: result: /usr/bin/nm -B
configure:8820: checking the name lister (/usr/bin/nm -B) interface
configure:8827: gcc -c -g -O2  conftest.c >&5
configure:8830: /usr/bin/nm -B "conftest.o"
configure:8833: output
0000000000000000 B some_variable
configure:8840: result: BSD nm
configure:8843: checking whether ln -s works
configure:8847: result: yes
configure:8855: checking the maximum length of command line arguments
configure:8986: result: 1572864
configure:9034: checking how to convert x86_64-unknown-linux-gnu file names to x86_64-unknown-linux-gnu format
configure:9074: result: func_convert_file_noop
configure:9081: checking how to convert x86_64-unknown-linux-gnu file names to toolchain format
configure:9101: result: func_convert_file_noop
configure:9108: checking for /usr/bin/ld option to reload object files
configure:9115: result: -r
configure:9189: checking for objdump
configure:9205: found /usr/bin/objdump
configure:9216: result: objdump
configure:9248: checking how to recognize dependent libraries
configure:9448: result: pass_all
configure:9533: checking for dlltool
configure:9563: result: no
configure:9593: checking how to associate runtime and link libraries
configure:9620: result: printf %s\n
configure:9680: checking for ar
configure:9696: found /usr/bin/ar
configure:9707: result: ar
configure:9744: checking for archiver @FILE support
configure:9761: gcc -c -g -O2  conftest.c >&5
configure:9761: $? = 0
configure:9764: ar cru libconftest.a @conftest.lst >&5
ar: `u' modifier ignored since `D' is the default (see `U')
configure:9767: $? = 0
configure:9772: ar cru libconftest.a @conftest.lst >&5
ar: `u' modifier ignored since `D' is the default (see `U')
ar: conftest.o: No such file or directory
configure:9775: $? = 1
configure:9787: result: @
configure:9845: checking for strip
configure:9861: found /usr/bin/strip
configure:9872: result: strip
configure:9944: checking for ranlib
configure:9960: found /usr/bin/ranlib
configure:9971: result: ranlib
configure:10073: checking command to parse /usr/bin/nm -B output from gcc object
configure:10226: gcc -c -g -O2  conftest.c >&5
configure:10229: $? = 0
configure:10233: /usr/bin/nm -B conftest.o \| sed -n -e 's/^.*[ ]\([ABCDGIRSTW][ABCDGIRSTW]*\)[ ][ ]*\([_A-Za-z][_A-Za-z0-9]*\)$/\1 \2 \2/p' | sed '/ __gnu_lto/d' \> conftest.nm
configure:10236: $? = 0
configure:10302: gcc -o conftest -g -O2   conftest.c conftstm.o >&5
configure:10305: $? = 0
configure:10343: result: ok
configure:10390: checking for sysroot
configure:10420: result: no
configure:10427: checking for a working dd
configure:10465: result: /bin/dd
configure:10469: checking how to truncate binary pipes
configure:10484: result: /bin/dd bs=4096 count=1
configure:10620: gcc -c -g -O2  conftest.c >&5
configure:10623: $? = 0
configure:10813: checking for mt
configure:10829: found /bin/mt
configure:10840: result: mt
configure:10863: checking if mt is a manifest tool
configure:10869: mt '-?'
configure:10877: result: no
configure:11549: checking for ANSI C header files
configure:11569: gcc -c -g -O2  conftest.c >&5
configure:11569: $? = 0
configure:11642: gcc -o conftest -g -O2   conftest.c  >&5
configure:11642: $? = 0
configure:11642: ./conftest
configure:11642: $? = 0
configure:11653: result: yes
configure:11666: checking for sys/types.h
configure:11666: gcc -c -g -O2  conftest.c >&5
configure:11666: $? = 0
configure:11666: result: yes
configure:11666: checking for sys/stat.h
configure:11666: gcc -c -g -O2  conftest.c >&5
configure:11666: $? = 0
configure:11666: result: yes
configure:11666: checking for stdlib.h
configure:11666: gcc -c -g -O2  conftest.c >&5
configure:11666: $? = 0
configure:11666: result: yes
configure:11666: checking for string.h
configure:11666: gcc -c -g -O2  conftest.c >&5
configure:11666: $? = 0
configure:11666: result: yes
configure:11666: checking for memory.h
configure:11666: gcc -c -g -O2  conftest.c >&5
configure:11666: $? = 0
configure:11666: result: yes
configure:11666: checking for strings.h
configure:11666: gcc -c -g -O2  conftest.c >&5
configure:11666: $? = 0
configure:11666: result: yes
configure:11666: checking for inttypes.h
configure:11666: gcc -c -g -O2  conftest.c >&5
configure:11666: $? = 0
configure:11666: result: yes
configure:11666: checking for stdint.h
configure:11666: gcc -c -g -O2  conftest.c >&5
configure:11666: $? = 0
configure:11666: result: yes
configure:11666: checking for unistd.h
configure:11666: gcc -c -g -O2  conftest.c >&5
configure:11666: $? = 0
configure:11666: result: yes
configure:11680: checking for dlfcn.h
configure:11680: gcc -c -g -O2  conftest.c >&5
configure:11680: $? = 0
configure:11680: result: yes
configure:11876: checking for objdir
configure:11891: result: .libs
configure:12155: checking if gcc supports -fno-rtti -fno-exceptions
configure:12173: gcc -c -g -O2  -fno-rtti -fno-exceptions conftest.c >&5
cc1: warning: command line option '-fno-rtti' is valid for C++/ObjC++ but not for C
configure:12177: $? = 0
configure:12190: result: no
configure:12548: checking for gcc option to produce PIC
configure:12555: result: -fPIC -DPIC
configure:12563: checking if gcc PIC flag -fPIC -DPIC works
configure:12581: gcc -c -g -O2  -fPIC -DPIC -DPIC conftest.c >&5
configure:12585: $? = 0
configure:12598: result: yes
configure:12627: checking if gcc static flag -static works
configure:12655: result: yes
configure:12670: checking if gcc supports -c -o file.o
configure:12691: gcc -c -g -O2  -o out/conftest2.o conftest.c >&5
configure:12695: $? = 0
configure:12717: result: yes
configure:12725: checking if gcc supports -c -o file.o
configure:12772: result: yes
configure:12805: checking whether the gcc linker (/usr/bin/ld -m elf_x86_64) supports shared libraries
configure:14064: result: yes
configure:14101: checking whether -lc should be explicitly linked in
configure:14109: gcc -c -g -O2  conftest.c >&5
configure:14112: $? = 0
configure:14127: gcc -shared  -fPIC -DPIC conftest.o  -v -Wl,-soname -Wl,conftest -o conftest 2\>\&1 \| /bin/grep  -lc  \>/dev/null 2\>\&1
configure:14130: $? = 0
configure:14144: result: no
configure:14304: checking dynamic linker characteristics
configure:14885: gcc -o conftest -g -O2   -Wl,-rpath -Wl,/foo conftest.c  >&5
configure:14885: $? = 0
configure:15125: result: GNU/Linux ld.so
configure:15247: checking how to hardcode library paths into programs
configure:15272: result: immediate
configure:15820: checking whether stripping libraries is possible
configure:15825: result: yes
configure:15860: checking if libtool supports shared libraries
configure:15862: result: yes
configure:15865: checking whether to build shared libraries
configure:15890: result: yes
configure:15893: checking whether to build static libraries
configure:15897: result: no
configure:15962: checking linker version script flag
configure:15995: gcc -o conftest -g -O2   -Wl,--version-script,conftest.map conftest.c  >&5
configure:15995: $? = 0
configure:16085: gcc -o conftest -g -O2   -Wl,--version-script,conftest.map conftest.c  >&5
/usr/bin/ld:conftest.map:3: syntax error in VERSION script
collect2: error: ld returned 1 exit status
configure:16085: $? = 1
configure: failed program was:
| /* confdefs.h */
| #define PACKAGE_NAME "openconnect"
| #define PACKAGE_TARNAME "openconnect"
| #define PACKAGE_VERSION "7.08"
| #define PACKAGE_STRING "openconnect 7.08"
| #define PACKAGE_BUGREPORT ""
| #define PACKAGE_URL ""
| #define PACKAGE "openconnect"
| #define VERSION "7.08"
| #define _GNU_SOURCE 1
| #define DEFAULT_VPNCSCRIPT "/usr/share/vpnc-scripts/vpnc-script"
| #define HAVE_STATFS 1
| #define HAVE_GETLINE 1
| #define HAVE_STRCASESTR 1
| #define HAVE_STRNDUP 1
| #define HAVE_ASPRINTF 1
| #define HAVE_VASPRINTF 1
| #define HAVE_INET_ATON 1
| #define HAVE_IPV6_PATHMTU 1
| #define HAVE_NL_LANGINFO 1
| #define HAVE_ICONV 1
| #define ICONV_CONST 
| #define HAVE_ICONV 1
| #define ENABLE_NLS 1
| #define HAVE_ENGINE 1
| #define HAVE_DTLS12 1
| #define OPENCONNECT_OPENSSL 1
| #define HAVE_ESP 1
| #define HAVE_DTLS 1
| #define HAVE_LZ4 /**/
| #define HAVE_LZ4_COMPRESS_DEFAULT /**/
| #define STDC_HEADERS 1
| #define HAVE_SYS_TYPES_H 1
| #define HAVE_SYS_STAT_H 1
| #define HAVE_STDLIB_H 1
| #define HAVE_STRING_H 1
| #define HAVE_MEMORY_H 1
| #define HAVE_STRINGS_H 1
| #define HAVE_INTTYPES_H 1
| #define HAVE_STDINT_H 1
| #define HAVE_UNISTD_H 1
| #define HAVE_DLFCN_H 1
| #define LT_OBJDIR ".libs/"
| /* end confdefs.h.  */
| int show, hide;
| int
| main ()
| {
| 
|   ;
|   return 0;
| }
configure:16103: result: --version-script
configure:16110: checking if version scripts can use complex wildcards
configure:16143: gcc -o conftest -g -O2   -Wl,--version-script,conftest.map conftest.c  >&5
configure:16143: $? = 0
configure:16160: result: yes
configure:16211: checking for LIBXML2
configure:16218: $PKG_CONFIG --exists --print-errors "libxml-2.0"
configure:16221: $? = 0
configure:16235: $PKG_CONFIG --exists --print-errors "libxml-2.0"
configure:16238: $? = 0
configure:16296: result: yes
configure:16303: checking for ZLIB
configure:16310: $PKG_CONFIG --exists --print-errors "zlib"
configure:16313: $? = 0
configure:16327: $PKG_CONFIG --exists --print-errors "zlib"
configure:16330: $? = 0
configure:16432: result: yes
configure:16448: checking for LIBPROXY
configure:16455: $PKG_CONFIG --exists --print-errors "libproxy-1.0"
Package libproxy-1.0 was not found in the pkg-config search path.
Perhaps you should add the directory containing `libproxy-1.0.pc'
to the PKG_CONFIG_PATH environment variable
No package 'libproxy-1.0' found
configure:16458: $? = 1
configure:16472: $PKG_CONFIG --exists --print-errors "libproxy-1.0"
Package libproxy-1.0 was not found in the pkg-config search path.
Perhaps you should add the directory containing `libproxy-1.0.pc'
to the PKG_CONFIG_PATH environment variable
No package 'libproxy-1.0' found
configure:16475: $? = 1
configure:16489: result: no
No package 'libproxy-1.0' found
configure:16528: checking for libproxy
configure:16543: gcc -o conftest -g -O2   conftest.c  -lproxy >&5
conftest.c:45:22: fatal error: libproxy.h: No such file or directory
compilation terminated.
configure:16543: $? = 1
configure: failed program was:
| /* confdefs.h */
| #define PACKAGE_NAME "openconnect"
| #define PACKAGE_TARNAME "openconnect"
| #define PACKAGE_VERSION "7.08"
| #define PACKAGE_STRING "openconnect 7.08"
| #define PACKAGE_BUGREPORT ""
| #define PACKAGE_URL ""
| #define PACKAGE "openconnect"
| #define VERSION "7.08"
| #define _GNU_SOURCE 1
| #define DEFAULT_VPNCSCRIPT "/usr/share/vpnc-scripts/vpnc-script"
| #define HAVE_STATFS 1
| #define HAVE_GETLINE 1
| #define HAVE_STRCASESTR 1
| #define HAVE_STRNDUP 1
| #define HAVE_ASPRINTF 1
| #define HAVE_VASPRINTF 1
| #define HAVE_INET_ATON 1
| #define HAVE_IPV6_PATHMTU 1
| #define HAVE_NL_LANGINFO 1
| #define HAVE_ICONV 1
| #define ICONV_CONST 
| #define HAVE_ICONV 1
| #define ENABLE_NLS 1
| #define HAVE_ENGINE 1
| #define HAVE_DTLS12 1
| #define OPENCONNECT_OPENSSL 1
| #define HAVE_ESP 1
| #define HAVE_DTLS 1
| #define HAVE_LZ4 /**/
| #define HAVE_LZ4_COMPRESS_DEFAULT /**/
| #define STDC_HEADERS 1
| #define HAVE_SYS_TYPES_H 1
| #define HAVE_SYS_STAT_H 1
| #define HAVE_STDLIB_H 1
| #define HAVE_STRING_H 1
| #define HAVE_MEMORY_H 1
| #define HAVE_STRINGS_H 1
| #define HAVE_INTTYPES_H 1
| #define HAVE_STDINT_H 1
| #define HAVE_UNISTD_H 1
| #define HAVE_DLFCN_H 1
| #define LT_OBJDIR ".libs/"
| /* end confdefs.h.  */
| #include <libproxy.h>
| int
| main ()
| {
| (void)px_proxy_factory_new();
|   ;
|   return 0;
| }
configure:16563: gcc -o conftest -g -O2   conftest.c  -lproxy >&5
conftest.c:45:19: fatal error: proxy.h: No such file or directory
compilation terminated.
configure:16563: $? = 1
configure: failed program was:
| /* confdefs.h */
| #define PACKAGE_NAME "openconnect"
| #define PACKAGE_TARNAME "openconnect"
| #define PACKAGE_VERSION "7.08"
| #define PACKAGE_STRING "openconnect 7.08"
| #define PACKAGE_BUGREPORT ""
| #define PACKAGE_URL ""
| #define PACKAGE "openconnect"
| #define VERSION "7.08"
| #define _GNU_SOURCE 1
| #define DEFAULT_VPNCSCRIPT "/usr/share/vpnc-scripts/vpnc-script"
| #define HAVE_STATFS 1
| #define HAVE_GETLINE 1
| #define HAVE_STRCASESTR 1
| #define HAVE_STRNDUP 1
| #define HAVE_ASPRINTF 1
| #define HAVE_VASPRINTF 1
| #define HAVE_INET_ATON 1
| #define HAVE_IPV6_PATHMTU 1
| #define HAVE_NL_LANGINFO 1
| #define HAVE_ICONV 1
| #define ICONV_CONST 
| #define HAVE_ICONV 1
| #define ENABLE_NLS 1
| #define HAVE_ENGINE 1
| #define HAVE_DTLS12 1
| #define OPENCONNECT_OPENSSL 1
| #define HAVE_ESP 1
| #define HAVE_DTLS 1
| #define HAVE_LZ4 /**/
| #define HAVE_LZ4_COMPRESS_DEFAULT /**/
| #define STDC_HEADERS 1
| #define HAVE_SYS_TYPES_H 1
| #define HAVE_SYS_STAT_H 1
| #define HAVE_STDLIB_H 1
| #define HAVE_STRING_H 1
| #define HAVE_MEMORY_H 1
| #define HAVE_STRINGS_H 1
| #define HAVE_INTTYPES_H 1
| #define HAVE_STDINT_H 1
| #define HAVE_UNISTD_H 1
| #define HAVE_DLFCN_H 1
| #define LT_OBJDIR ".libs/"
| /* end confdefs.h.  */
| #include <proxy.h>
| int
| main ()
| {
| (void)px_proxy_factory_new();
|   ;
|   return 0;
| }
configure:16572: result: no
configure:16593: checking for LIBSTOKEN
configure:16600: $PKG_CONFIG --exists --print-errors "stoken"
Package stoken was not found in the pkg-config search path.
Perhaps you should add the directory containing `stoken.pc'
to the PKG_CONFIG_PATH environment variable
No package 'stoken' found
configure:16603: $? = 1
configure:16617: $PKG_CONFIG --exists --print-errors "stoken"
Package stoken was not found in the pkg-config search path.
Perhaps you should add the directory containing `stoken.pc'
to the PKG_CONFIG_PATH environment variable
No package 'stoken' found
configure:16620: $? = 1
configure:16634: result: no
No package 'stoken' found
configure:16698: checking for LIBPCSCLITE
configure:16705: $PKG_CONFIG --exists --print-errors "libpcsclite"
Package libpcsclite was not found in the pkg-config search path.
Perhaps you should add the directory containing `libpcsclite.pc'
to the PKG_CONFIG_PATH environment variable
No package 'libpcsclite' found
configure:16708: $? = 1
configure:16722: $PKG_CONFIG --exists --print-errors "libpcsclite"
Package libpcsclite was not found in the pkg-config search path.
Perhaps you should add the directory containing `libpcsclite.pc'
to the PKG_CONFIG_PATH environment variable
No package 'libpcsclite' found
configure:16725: $? = 1
configure:16739: result: no
No package 'libpcsclite' found
configure:16798: checking for LIBPSKC
configure:16805: $PKG_CONFIG --exists --print-errors "libpskc >= 2.2.0"
Package libpskc was not found in the pkg-config search path.
Perhaps you should add the directory containing `libpskc.pc'
to the PKG_CONFIG_PATH environment variable
No package 'libpskc' found
configure:16808: $? = 1
configure:16822: $PKG_CONFIG --exists --print-errors "libpskc >= 2.2.0"
Package libpskc was not found in the pkg-config search path.
Perhaps you should add the directory containing `libpskc.pc'
to the PKG_CONFIG_PATH environment variable
No package 'libpskc' found
configure:16825: $? = 1
configure:16839: result: no
No package 'libpskc' found
configure:16954: checking for krb5-config
configure:16987: result: no
configure:17036: checking gssapi/gssapi.h usability
configure:17036: gcc -c -g -O2   conftest.c >&5
conftest.c:78:27: fatal error: gssapi/gssapi.h: No such file or directory
compilation terminated.
configure:17036: $? = 1
configure: failed program was:
| /* confdefs.h */
| #define PACKAGE_NAME "openconnect"
| #define PACKAGE_TARNAME "openconnect"
| #define PACKAGE_VERSION "7.08"
| #define PACKAGE_STRING "openconnect 7.08"
| #define PACKAGE_BUGREPORT ""
| #define PACKAGE_URL ""
| #define PACKAGE "openconnect"
| #define VERSION "7.08"
| #define _GNU_SOURCE 1
| #define DEFAULT_VPNCSCRIPT "/usr/share/vpnc-scripts/vpnc-script"
| #define HAVE_STATFS 1
| #define HAVE_GETLINE 1
| #define HAVE_STRCASESTR 1
| #define HAVE_STRNDUP 1
| #define HAVE_ASPRINTF 1
| #define HAVE_VASPRINTF 1
| #define HAVE_INET_ATON 1
| #define HAVE_IPV6_PATHMTU 1
| #define HAVE_NL_LANGINFO 1
| #define HAVE_ICONV 1
| #define ICONV_CONST 
| #define HAVE_ICONV 1
| #define ENABLE_NLS 1
| #define HAVE_ENGINE 1
| #define HAVE_DTLS12 1
| #define OPENCONNECT_OPENSSL 1
| #define HAVE_ESP 1
| #define HAVE_DTLS 1
| #define HAVE_LZ4 /**/
| #define HAVE_LZ4_COMPRESS_DEFAULT /**/
| #define STDC_HEADERS 1
| #define HAVE_SYS_TYPES_H 1
| #define HAVE_SYS_STAT_H 1
| #define HAVE_STDLIB_H 1
| #define HAVE_STRING_H 1
| #define HAVE_MEMORY_H 1
| #define HAVE_STRINGS_H 1
| #define HAVE_INTTYPES_H 1
| #define HAVE_STDINT_H 1
| #define HAVE_UNISTD_H 1
| #define HAVE_DLFCN_H 1
| #define LT_OBJDIR ".libs/"
| /* end confdefs.h.  */
| #include <stdio.h>
| #ifdef HAVE_SYS_TYPES_H
| # include <sys/types.h>
| #endif
| #ifdef HAVE_SYS_STAT_H
| # include <sys/stat.h>
| #endif
| #ifdef STDC_HEADERS
| # include <stdlib.h>
| # include <stddef.h>
| #else
| # ifdef HAVE_STDLIB_H
| #  include <stdlib.h>
| # endif
| #endif
| #ifdef HAVE_STRING_H
| # if !defined STDC_HEADERS && defined HAVE_MEMORY_H
| #  include <memory.h>
| # endif
| # include <string.h>
| #endif
| #ifdef HAVE_STRINGS_H
| # include <strings.h>
| #endif
| #ifdef HAVE_INTTYPES_H
| # include <inttypes.h>
| #endif
| #ifdef HAVE_STDINT_H
| # include <stdint.h>
| #endif
| #ifdef HAVE_UNISTD_H
| # include <unistd.h>
| #endif
| #include <gssapi/gssapi.h>
configure:17036: result: no
configure:17036: checking gssapi/gssapi.h presence
configure:17036: gcc -E  conftest.c
conftest.c:45:27: fatal error: gssapi/gssapi.h: No such file or directory
compilation terminated.
configure:17036: $? = 1
configure: failed program was:
| /* confdefs.h */
| #define PACKAGE_NAME "openconnect"
| #define PACKAGE_TARNAME "openconnect"
| #define PACKAGE_VERSION "7.08"
| #define PACKAGE_STRING "openconnect 7.08"
| #define PACKAGE_BUGREPORT ""
| #define PACKAGE_URL ""
| #define PACKAGE "openconnect"
| #define VERSION "7.08"
| #define _GNU_SOURCE 1
| #define DEFAULT_VPNCSCRIPT "/usr/share/vpnc-scripts/vpnc-script"
| #define HAVE_STATFS 1
| #define HAVE_GETLINE 1
| #define HAVE_STRCASESTR 1
| #define HAVE_STRNDUP 1
| #define HAVE_ASPRINTF 1
| #define HAVE_VASPRINTF 1
| #define HAVE_INET_ATON 1
| #define HAVE_IPV6_PATHMTU 1
| #define HAVE_NL_LANGINFO 1
| #define HAVE_ICONV 1
| #define ICONV_CONST 
| #define HAVE_ICONV 1
| #define ENABLE_NLS 1
| #define HAVE_ENGINE 1
| #define HAVE_DTLS12 1
| #define OPENCONNECT_OPENSSL 1
| #define HAVE_ESP 1
| #define HAVE_DTLS 1
| #define HAVE_LZ4 /**/
| #define HAVE_LZ4_COMPRESS_DEFAULT /**/
| #define STDC_HEADERS 1
| #define HAVE_SYS_TYPES_H 1
| #define HAVE_SYS_STAT_H 1
| #define HAVE_STDLIB_H 1
| #define HAVE_STRING_H 1
| #define HAVE_MEMORY_H 1
| #define HAVE_STRINGS_H 1
| #define HAVE_INTTYPES_H 1
| #define HAVE_STDINT_H 1
| #define HAVE_UNISTD_H 1
| #define HAVE_DLFCN_H 1
| #define LT_OBJDIR ".libs/"
| /* end confdefs.h.  */
| #include <gssapi/gssapi.h>
configure:17036: result: no
configure:17036: checking for gssapi/gssapi.h
configure:17036: result: no
configure:17040: checking gssapi.h usability
configure:17040: gcc -c -g -O2   conftest.c >&5
conftest.c:78:20: fatal error: gssapi.h: No such file or directory
compilation terminated.
configure:17040: $? = 1
configure: failed program was:
| /* confdefs.h */
| #define PACKAGE_NAME "openconnect"
| #define PACKAGE_TARNAME "openconnect"
| #define PACKAGE_VERSION "7.08"
| #define PACKAGE_STRING "openconnect 7.08"
| #define PACKAGE_BUGREPORT ""
| #define PACKAGE_URL ""
| #define PACKAGE "openconnect"
| #define VERSION "7.08"
| #define _GNU_SOURCE 1
| #define DEFAULT_VPNCSCRIPT "/usr/share/vpnc-scripts/vpnc-script"
| #define HAVE_STATFS 1
| #define HAVE_GETLINE 1
| #define HAVE_STRCASESTR 1
| #define HAVE_STRNDUP 1
| #define HAVE_ASPRINTF 1
| #define HAVE_VASPRINTF 1
| #define HAVE_INET_ATON 1
| #define HAVE_IPV6_PATHMTU 1
| #define HAVE_NL_LANGINFO 1
| #define HAVE_ICONV 1
| #define ICONV_CONST 
| #define HAVE_ICONV 1
| #define ENABLE_NLS 1
| #define HAVE_ENGINE 1
| #define HAVE_DTLS12 1
| #define OPENCONNECT_OPENSSL 1
| #define HAVE_ESP 1
| #define HAVE_DTLS 1
| #define HAVE_LZ4 /**/
| #define HAVE_LZ4_COMPRESS_DEFAULT /**/
| #define STDC_HEADERS 1
| #define HAVE_SYS_TYPES_H 1
| #define HAVE_SYS_STAT_H 1
| #define HAVE_STDLIB_H 1
| #define HAVE_STRING_H 1
| #define HAVE_MEMORY_H 1
| #define HAVE_STRINGS_H 1
| #define HAVE_INTTYPES_H 1
| #define HAVE_STDINT_H 1
| #define HAVE_UNISTD_H 1
| #define HAVE_DLFCN_H 1
| #define LT_OBJDIR ".libs/"
| /* end confdefs.h.  */
| #include <stdio.h>
| #ifdef HAVE_SYS_TYPES_H
| # include <sys/types.h>
| #endif
| #ifdef HAVE_SYS_STAT_H
| # include <sys/stat.h>
| #endif
| #ifdef STDC_HEADERS
| # include <stdlib.h>
| # include <stddef.h>
| #else
| # ifdef HAVE_STDLIB_H
| #  include <stdlib.h>
| # endif
| #endif
| #ifdef HAVE_STRING_H
| # if !defined STDC_HEADERS && defined HAVE_MEMORY_H
| #  include <memory.h>
| # endif
| # include <string.h>
| #endif
| #ifdef HAVE_STRINGS_H
| # include <strings.h>
| #endif
| #ifdef HAVE_INTTYPES_H
| # include <inttypes.h>
| #endif
| #ifdef HAVE_STDINT_H
| # include <stdint.h>
| #endif
| #ifdef HAVE_UNISTD_H
| # include <unistd.h>
| #endif
| #include <gssapi.h>
configure:17040: result: no
configure:17040: checking gssapi.h presence
configure:17040: gcc -E  conftest.c
conftest.c:45:20: fatal error: gssapi.h: No such file or directory
compilation terminated.
configure:17040: $? = 1
configure: failed program was:
| /* confdefs.h */
| #define PACKAGE_NAME "openconnect"
| #define PACKAGE_TARNAME "openconnect"
| #define PACKAGE_VERSION "7.08"
| #define PACKAGE_STRING "openconnect 7.08"
| #define PACKAGE_BUGREPORT ""
| #define PACKAGE_URL ""
| #define PACKAGE "openconnect"
| #define VERSION "7.08"
| #define _GNU_SOURCE 1
| #define DEFAULT_VPNCSCRIPT "/usr/share/vpnc-scripts/vpnc-script"
| #define HAVE_STATFS 1
| #define HAVE_GETLINE 1
| #define HAVE_STRCASESTR 1
| #define HAVE_STRNDUP 1
| #define HAVE_ASPRINTF 1
| #define HAVE_VASPRINTF 1
| #define HAVE_INET_ATON 1
| #define HAVE_IPV6_PATHMTU 1
| #define HAVE_NL_LANGINFO 1
| #define HAVE_ICONV 1
| #define ICONV_CONST 
| #define HAVE_ICONV 1
| #define ENABLE_NLS 1
| #define HAVE_ENGINE 1
| #define HAVE_DTLS12 1
| #define OPENCONNECT_OPENSSL 1
| #define HAVE_ESP 1
| #define HAVE_DTLS 1
| #define HAVE_LZ4 /**/
| #define HAVE_LZ4_COMPRESS_DEFAULT /**/
| #define STDC_HEADERS 1
| #define HAVE_SYS_TYPES_H 1
| #define HAVE_SYS_STAT_H 1
| #define HAVE_STDLIB_H 1
| #define HAVE_STRING_H 1
| #define HAVE_MEMORY_H 1
| #define HAVE_STRINGS_H 1
| #define HAVE_INTTYPES_H 1
| #define HAVE_STDINT_H 1
| #define HAVE_UNISTD_H 1
| #define HAVE_DLFCN_H 1
| #define LT_OBJDIR ".libs/"
| /* end confdefs.h.  */
| #include <gssapi.h>
configure:17040: result: no
configure:17040: checking for gssapi.h
configure:17040: result: no
configure:17044: WARNING: Cannot find <gssapi/gssapi.h> or <gssapi.h>
configure:17363: WARNING: Building without GSSAPI support
configure:17616: checking if_tun.h usability
configure:17616: gcc -c -g -O2  conftest.c >&5
conftest.c:78:20: fatal error: if_tun.h: No such file or directory
compilation terminated.
configure:17616: $? = 1
configure: failed program was:
| /* confdefs.h */
| #define PACKAGE_NAME "openconnect"
| #define PACKAGE_TARNAME "openconnect"
| #define PACKAGE_VERSION "7.08"
| #define PACKAGE_STRING "openconnect 7.08"
| #define PACKAGE_BUGREPORT ""
| #define PACKAGE_URL ""
| #define PACKAGE "openconnect"
| #define VERSION "7.08"
| #define _GNU_SOURCE 1
| #define DEFAULT_VPNCSCRIPT "/usr/share/vpnc-scripts/vpnc-script"
| #define HAVE_STATFS 1
| #define HAVE_GETLINE 1
| #define HAVE_STRCASESTR 1
| #define HAVE_STRNDUP 1
| #define HAVE_ASPRINTF 1
| #define HAVE_VASPRINTF 1
| #define HAVE_INET_ATON 1
| #define HAVE_IPV6_PATHMTU 1
| #define HAVE_NL_LANGINFO 1
| #define HAVE_ICONV 1
| #define ICONV_CONST 
| #define HAVE_ICONV 1
| #define ENABLE_NLS 1
| #define HAVE_ENGINE 1
| #define HAVE_DTLS12 1
| #define OPENCONNECT_OPENSSL 1
| #define HAVE_ESP 1
| #define HAVE_DTLS 1
| #define HAVE_LZ4 /**/
| #define HAVE_LZ4_COMPRESS_DEFAULT /**/
| #define STDC_HEADERS 1
| #define HAVE_SYS_TYPES_H 1
| #define HAVE_SYS_STAT_H 1
| #define HAVE_STDLIB_H 1
| #define HAVE_STRING_H 1
| #define HAVE_MEMORY_H 1
| #define HAVE_STRINGS_H 1
| #define HAVE_INTTYPES_H 1
| #define HAVE_STDINT_H 1
| #define HAVE_UNISTD_H 1
| #define HAVE_DLFCN_H 1
| #define LT_OBJDIR ".libs/"
| /* end confdefs.h.  */
| #include <stdio.h>
| #ifdef HAVE_SYS_TYPES_H
| # include <sys/types.h>
| #endif
| #ifdef HAVE_SYS_STAT_H
| # include <sys/stat.h>
| #endif
| #ifdef STDC_HEADERS
| # include <stdlib.h>
| # include <stddef.h>
| #else
| # ifdef HAVE_STDLIB_H
| #  include <stdlib.h>
| # endif
| #endif
| #ifdef HAVE_STRING_H
| # if !defined STDC_HEADERS && defined HAVE_MEMORY_H
| #  include <memory.h>
| # endif
| # include <string.h>
| #endif
| #ifdef HAVE_STRINGS_H
| # include <strings.h>
| #endif
| #ifdef HAVE_INTTYPES_H
| # include <inttypes.h>
| #endif
| #ifdef HAVE_STDINT_H
| # include <stdint.h>
| #endif
| #ifdef HAVE_UNISTD_H
| # include <unistd.h>
| #endif
| #include <if_tun.h>
configure:17616: result: no
configure:17616: checking if_tun.h presence
configure:17616: gcc -E  conftest.c
conftest.c:45:20: fatal error: if_tun.h: No such file or directory
compilation terminated.
configure:17616: $? = 1
configure: failed program was:
| /* confdefs.h */
| #define PACKAGE_NAME "openconnect"
| #define PACKAGE_TARNAME "openconnect"
| #define PACKAGE_VERSION "7.08"
| #define PACKAGE_STRING "openconnect 7.08"
| #define PACKAGE_BUGREPORT ""
| #define PACKAGE_URL ""
| #define PACKAGE "openconnect"
| #define VERSION "7.08"
| #define _GNU_SOURCE 1
| #define DEFAULT_VPNCSCRIPT "/usr/share/vpnc-scripts/vpnc-script"
| #define HAVE_STATFS 1
| #define HAVE_GETLINE 1
| #define HAVE_STRCASESTR 1
| #define HAVE_STRNDUP 1
| #define HAVE_ASPRINTF 1
| #define HAVE_VASPRINTF 1
| #define HAVE_INET_ATON 1
| #define HAVE_IPV6_PATHMTU 1
| #define HAVE_NL_LANGINFO 1
| #define HAVE_ICONV 1
| #define ICONV_CONST 
| #define HAVE_ICONV 1
| #define ENABLE_NLS 1
| #define HAVE_ENGINE 1
| #define HAVE_DTLS12 1
| #define OPENCONNECT_OPENSSL 1
| #define HAVE_ESP 1
| #define HAVE_DTLS 1
| #define HAVE_LZ4 /**/
| #define HAVE_LZ4_COMPRESS_DEFAULT /**/
| #define STDC_HEADERS 1
| #define HAVE_SYS_TYPES_H 1
| #define HAVE_SYS_STAT_H 1
| #define HAVE_STDLIB_H 1
| #define HAVE_STRING_H 1
| #define HAVE_MEMORY_H 1
| #define HAVE_STRINGS_H 1
| #define HAVE_INTTYPES_H 1
| #define HAVE_STDINT_H 1
| #define HAVE_UNISTD_H 1
| #define HAVE_DLFCN_H 1
| #define LT_OBJDIR ".libs/"
| /* end confdefs.h.  */
| #include <if_tun.h>
configure:17616: result: no
configure:17616: checking for if_tun.h
configure:17616: result: no
configure:17622: checking linux/if_tun.h usability
configure:17622: gcc -c -g -O2  conftest.c >&5
configure:17622: $? = 0
configure:17622: result: yes
configure:17622: checking linux/if_tun.h presence
configure:17622: gcc -E  conftest.c
configure:17622: $? = 0
configure:17622: result: yes
configure:17622: checking for linux/if_tun.h
configure:17622: result: yes
configure:17649: checking net/if_utun.h usability
configure:17649: gcc -c -g -O2  conftest.c >&5
conftest.c:79:25: fatal error: net/if_utun.h: No such file or directory
compilation terminated.
configure:17649: $? = 1
configure: failed program was:
| /* confdefs.h */
| #define PACKAGE_NAME "openconnect"
| #define PACKAGE_TARNAME "openconnect"
| #define PACKAGE_VERSION "7.08"
| #define PACKAGE_STRING "openconnect 7.08"
| #define PACKAGE_BUGREPORT ""
| #define PACKAGE_URL ""
| #define PACKAGE "openconnect"
| #define VERSION "7.08"
| #define _GNU_SOURCE 1
| #define DEFAULT_VPNCSCRIPT "/usr/share/vpnc-scripts/vpnc-script"
| #define HAVE_STATFS 1
| #define HAVE_GETLINE 1
| #define HAVE_STRCASESTR 1
| #define HAVE_STRNDUP 1
| #define HAVE_ASPRINTF 1
| #define HAVE_VASPRINTF 1
| #define HAVE_INET_ATON 1
| #define HAVE_IPV6_PATHMTU 1
| #define HAVE_NL_LANGINFO 1
| #define HAVE_ICONV 1
| #define ICONV_CONST 
| #define HAVE_ICONV 1
| #define ENABLE_NLS 1
| #define HAVE_ENGINE 1
| #define HAVE_DTLS12 1
| #define OPENCONNECT_OPENSSL 1
| #define HAVE_ESP 1
| #define HAVE_DTLS 1
| #define HAVE_LZ4 /**/
| #define HAVE_LZ4_COMPRESS_DEFAULT /**/
| #define STDC_HEADERS 1
| #define HAVE_SYS_TYPES_H 1
| #define HAVE_SYS_STAT_H 1
| #define HAVE_STDLIB_H 1
| #define HAVE_STRING_H 1
| #define HAVE_MEMORY_H 1
| #define HAVE_STRINGS_H 1
| #define HAVE_INTTYPES_H 1
| #define HAVE_STDINT_H 1
| #define HAVE_UNISTD_H 1
| #define HAVE_DLFCN_H 1
| #define LT_OBJDIR ".libs/"
| #define IF_TUN_HDR "linux/if_tun.h"
| /* end confdefs.h.  */
| #include <stdio.h>
| #ifdef HAVE_SYS_TYPES_H
| # include <sys/types.h>
| #endif
| #ifdef HAVE_SYS_STAT_H
| # include <sys/stat.h>
| #endif
| #ifdef STDC_HEADERS
| # include <stdlib.h>
| # include <stddef.h>
| #else
| # ifdef HAVE_STDLIB_H
| #  include <stdlib.h>
| # endif
| #endif
| #ifdef HAVE_STRING_H
| # if !defined STDC_HEADERS && defined HAVE_MEMORY_H
| #  include <memory.h>
| # endif
| # include <string.h>
| #endif
| #ifdef HAVE_STRINGS_H
| # include <strings.h>
| #endif
| #ifdef HAVE_INTTYPES_H
| # include <inttypes.h>
| #endif
| #ifdef HAVE_STDINT_H
| # include <stdint.h>
| #endif
| #ifdef HAVE_UNISTD_H
| # include <unistd.h>
| #endif
| #include <net/if_utun.h>
configure:17649: result: no
configure:17649: checking net/if_utun.h presence
configure:17649: gcc -E  conftest.c
conftest.c:46:25: fatal error: net/if_utun.h: No such file or directory
compilation terminated.
configure:17649: $? = 1
configure: failed program was:
| /* confdefs.h */
| #define PACKAGE_NAME "openconnect"
| #define PACKAGE_TARNAME "openconnect"
| #define PACKAGE_VERSION "7.08"
| #define PACKAGE_STRING "openconnect 7.08"
| #define PACKAGE_BUGREPORT ""
| #define PACKAGE_URL ""
| #define PACKAGE "openconnect"
| #define VERSION "7.08"
| #define _GNU_SOURCE 1
| #define DEFAULT_VPNCSCRIPT "/usr/share/vpnc-scripts/vpnc-script"
| #define HAVE_STATFS 1
| #define HAVE_GETLINE 1
| #define HAVE_STRCASESTR 1
| #define HAVE_STRNDUP 1
| #define HAVE_ASPRINTF 1
| #define HAVE_VASPRINTF 1
| #define HAVE_INET_ATON 1
| #define HAVE_IPV6_PATHMTU 1
| #define HAVE_NL_LANGINFO 1
| #define HAVE_ICONV 1
| #define ICONV_CONST 
| #define HAVE_ICONV 1
| #define ENABLE_NLS 1
| #define HAVE_ENGINE 1
| #define HAVE_DTLS12 1
| #define OPENCONNECT_OPENSSL 1
| #define HAVE_ESP 1
| #define HAVE_DTLS 1
| #define HAVE_LZ4 /**/
| #define HAVE_LZ4_COMPRESS_DEFAULT /**/
| #define STDC_HEADERS 1
| #define HAVE_SYS_TYPES_H 1
| #define HAVE_SYS_STAT_H 1
| #define HAVE_STDLIB_H 1
| #define HAVE_STRING_H 1
| #define HAVE_MEMORY_H 1
| #define HAVE_STRINGS_H 1
| #define HAVE_INTTYPES_H 1
| #define HAVE_STDINT_H 1
| #define HAVE_UNISTD_H 1
| #define HAVE_DLFCN_H 1
| #define LT_OBJDIR ".libs/"
| #define IF_TUN_HDR "linux/if_tun.h"
| /* end confdefs.h.  */
| #include <net/if_utun.h>
configure:17649: result: no
configure:17649: checking for net/if_utun.h
configure:17649: result: no
configure:17657: checking alloca.h usability
configure:17657: gcc -c -g -O2  conftest.c >&5
configure:17657: $? = 0
configure:17657: result: yes
configure:17657: checking alloca.h presence
configure:17657: gcc -E  conftest.c
configure:17657: $? = 0
configure:17657: result: yes
configure:17657: checking for alloca.h
configure:17657: result: yes
configure:17666: checking endian.h usability
configure:17666: gcc -c -g -O2  conftest.c >&5
configure:17666: $? = 0
configure:17666: result: yes
configure:17666: checking endian.h presence
configure:17666: gcc -E  conftest.c
configure:17666: $? = 0
configure:17666: result: yes
configure:17666: checking for endian.h
configure:17666: result: yes
configure:17696: checking for python2
configure:17715: found /usr/bin/python2
configure:17727: result: /usr/bin/python2
configure:17739: checking that python is version 2.x
configure:17742: result: yes
configure:17759: checking if groff can create UTF-8 XHTML
configure:17793: result: no. Not building HTML pages
configure:17810: checking for CWRAP
configure:17817: $PKG_CONFIG --exists --print-errors "uid_wrapper, socket_wrapper"
Package uid_wrapper was not found in the pkg-config search path.
Perhaps you should add the directory containing `uid_wrapper.pc'
to the PKG_CONFIG_PATH environment variable
No package 'uid_wrapper' found
Package socket_wrapper was not found in the pkg-config search path.
Perhaps you should add the directory containing `socket_wrapper.pc'
to the PKG_CONFIG_PATH environment variable
No package 'socket_wrapper' found
configure:17820: $? = 1
configure:17834: $PKG_CONFIG --exists --print-errors "uid_wrapper, socket_wrapper"
Package uid_wrapper was not found in the pkg-config search path.
Perhaps you should add the directory containing `uid_wrapper.pc'
to the PKG_CONFIG_PATH environment variable
No package 'uid_wrapper' found
Package socket_wrapper was not found in the pkg-config search path.
Perhaps you should add the directory containing `socket_wrapper.pc'
to the PKG_CONFIG_PATH environment variable
No package 'socket_wrapper' found
configure:17837: $? = 1
configure:17851: result: no
No package 'uid_wrapper' found
No package 'socket_wrapper' found
configure:18040: checking that generated files are newer than configure
configure:18046: result: done
configure:18153: creating ./config.status

## ---------------------- ##
## Running config.status. ##
## ---------------------- ##

This file was extended by openconnect config.status 7.08, which was
generated by GNU Autoconf 2.69.  Invocation command line was

  CONFIG_FILES    = 
  CONFIG_HEADERS  = 
  CONFIG_LINKS    = 
  CONFIG_COMMANDS = 
  $ ./config.status 

on vanguard-pc

config.status:1246: creating Makefile
config.status:1246: creating openconnect.pc
config.status:1246: creating po/Makefile
config.status:1246: creating www/Makefile
config.status:1246: creating libopenconnect.map
config.status:1246: creating openconnect.8
config.status:1246: creating www/styles/Makefile
config.status:1246: creating www/inc/Makefile
config.status:1246: creating www/images/Makefile
config.status:1246: creating tests/Makefile
config.status:1246: creating tests/softhsm2.conf
config.status:1246: creating tests/configs/test-user-cert.config
config.status:1246: creating tests/configs/test-user-pass.config
config.status:1246: creating config.h
config.status:1475: executing depfiles commands
config.status:1475: executing libtool commands
configure:20434: WARNING:
***
*** Be sure to run "make check" to verify OpenSSL DTLS support
*** 

## ---------------- ##
## Cache variables. ##
## ---------------- ##

ac_cv_build=x86_64-unknown-linux-gnu
ac_cv_c_compiler_gnu=yes
ac_cv_env_CC_set=
ac_cv_env_CC_value=
ac_cv_env_CFLAGS_set=
ac_cv_env_CFLAGS_value=
ac_cv_env_CPPFLAGS_set=
ac_cv_env_CPPFLAGS_value=
ac_cv_env_CPP_set=
ac_cv_env_CPP_value=
ac_cv_env_CWRAP_CFLAGS_set=
ac_cv_env_CWRAP_CFLAGS_value=
ac_cv_env_CWRAP_LIBS_set=
ac_cv_env_CWRAP_LIBS_value=
ac_cv_env_GNUTLS_CFLAGS_set=
ac_cv_env_GNUTLS_CFLAGS_value=
ac_cv_env_GNUTLS_LIBS_set=
ac_cv_env_GNUTLS_LIBS_value=
ac_cv_env_LDFLAGS_set=
ac_cv_env_LDFLAGS_value=
ac_cv_env_LIBLZ4_CFLAGS_set=
ac_cv_env_LIBLZ4_CFLAGS_value=
ac_cv_env_LIBLZ4_LIBS_set=
ac_cv_env_LIBLZ4_LIBS_value=
ac_cv_env_LIBP11_CFLAGS_set=
ac_cv_env_LIBP11_CFLAGS_value=
ac_cv_env_LIBP11_LIBS_set=
ac_cv_env_LIBP11_LIBS_value=
ac_cv_env_LIBPCSCLITE_CFLAGS_set=
ac_cv_env_LIBPCSCLITE_CFLAGS_value=
ac_cv_env_LIBPCSCLITE_LIBS_set=
ac_cv_env_LIBPCSCLITE_LIBS_value=
ac_cv_env_LIBPROXY_CFLAGS_set=
ac_cv_env_LIBPROXY_CFLAGS_value=
ac_cv_env_LIBPROXY_LIBS_set=
ac_cv_env_LIBPROXY_LIBS_value=
ac_cv_env_LIBPSKC_CFLAGS_set=
ac_cv_env_LIBPSKC_CFLAGS_value=
ac_cv_env_LIBPSKC_LIBS_set=
ac_cv_env_LIBPSKC_LIBS_value=
ac_cv_env_LIBSTOKEN_CFLAGS_set=
ac_cv_env_LIBSTOKEN_CFLAGS_value=
ac_cv_env_LIBSTOKEN_LIBS_set=
ac_cv_env_LIBSTOKEN_LIBS_value=
ac_cv_env_LIBS_set=
ac_cv_env_LIBS_value=
ac_cv_env_LIBXML2_CFLAGS_set=
ac_cv_env_LIBXML2_CFLAGS_value=
ac_cv_env_LIBXML2_LIBS_set=
ac_cv_env_LIBXML2_LIBS_value=
ac_cv_env_LT_SYS_LIBRARY_PATH_set=
ac_cv_env_LT_SYS_LIBRARY_PATH_value=
ac_cv_env_OPENSSL_CFLAGS_set=
ac_cv_env_OPENSSL_CFLAGS_value=
ac_cv_env_OPENSSL_LIBS_set=
ac_cv_env_OPENSSL_LIBS_value=
ac_cv_env_P11KIT_CFLAGS_set=
ac_cv_env_P11KIT_CFLAGS_value=
ac_cv_env_P11KIT_LIBS_set=
ac_cv_env_P11KIT_LIBS_value=
ac_cv_env_PKG_CONFIG_LIBDIR_set=
ac_cv_env_PKG_CONFIG_LIBDIR_value=
ac_cv_env_PKG_CONFIG_PATH_set=
ac_cv_env_PKG_CONFIG_PATH_value=
ac_cv_env_PKG_CONFIG_set=
ac_cv_env_PKG_CONFIG_value=
ac_cv_env_ZLIB_CFLAGS_set=
ac_cv_env_ZLIB_CFLAGS_value=
ac_cv_env_ZLIB_LIBS_set=
ac_cv_env_ZLIB_LIBS_value=
ac_cv_env_build_alias_set=
ac_cv_env_build_alias_value=
ac_cv_env_host_alias_set=
ac_cv_env_host_alias_value=
ac_cv_env_target_alias_set=
ac_cv_env_target_alias_value=
ac_cv_func_HMAC_CTX_copy=yes
ac_cv_func___android_log_vprint=no
ac_cv_func_asprintf=yes
ac_cv_func_fdevname_r=no
ac_cv_func_getline=yes
ac_cv_func_inet_aton=yes
ac_cv_func_nl_langinfo=yes
ac_cv_func_socket=yes
ac_cv_func_statfs=yes
ac_cv_func_strcasestr=yes
ac_cv_func_strndup=yes
ac_cv_func_vasprintf=yes
ac_cv_header_alloca_h=yes
ac_cv_header_dlfcn_h=yes
ac_cv_header_endian_h=yes
ac_cv_header_gssapi_gssapi_h=no
ac_cv_header_gssapi_h=no
ac_cv_header_if_tun_h=no
ac_cv_header_inttypes_h=yes
ac_cv_header_linux_if_tun_h=yes
ac_cv_header_memory_h=yes
ac_cv_header_net_if_utun_h=no
ac_cv_header_stdc=yes
ac_cv_header_stdint_h=yes
ac_cv_header_stdlib_h=yes
ac_cv_header_string_h=yes
ac_cv_header_strings_h=yes
ac_cv_header_sys_stat_h=yes
ac_cv_header_sys_types_h=yes
ac_cv_header_unistd_h=yes
ac_cv_host=x86_64-unknown-linux-gnu
ac_cv_lib_log___android_log_vprint=no
ac_cv_objext=o
ac_cv_path_EGREP='/bin/grep -E'
ac_cv_path_FGREP='/bin/grep -F'
ac_cv_path_GREP=/bin/grep
ac_cv_path_MSGFMT=/usr/bin/msgfmt
ac_cv_path_PYTHON=/usr/bin/python2
ac_cv_path_SED=/bin/sed
ac_cv_path_ac_pt_PKG_CONFIG=/usr/bin/pkg-config
ac_cv_path_install='/usr/bin/install -c'
ac_cv_path_lt_DD=/bin/dd
ac_cv_path_mkdir=/bin/mkdir
ac_cv_prog_AWK=mawk
ac_cv_prog_CPP='gcc -E'
ac_cv_prog_ac_ct_AR=ar
ac_cv_prog_ac_ct_CC=gcc
ac_cv_prog_ac_ct_MANIFEST_TOOL=mt
ac_cv_prog_ac_ct_OBJDUMP=objdump
ac_cv_prog_ac_ct_RANLIB=ranlib
ac_cv_prog_ac_ct_STRIP=strip
ac_cv_prog_cc_c89=
ac_cv_prog_cc_g=yes
ac_cv_prog_make_make_set=yes
acl_cv_hardcode_direct=no
acl_cv_hardcode_libdir_flag_spec='${wl}-rpath ${wl}$libdir'
acl_cv_hardcode_libdir_separator=
acl_cv_hardcode_minus_L=no
acl_cv_libext=a
acl_cv_libname_spec='lib$name'
acl_cv_library_names_spec='$libname$shrext'
acl_cv_path_LD=/usr/bin/ld
acl_cv_prog_gnu_ld=yes
acl_cv_rpath=done
acl_cv_shlibext=so
acl_cv_wl=-Wl,
am_cv_CC_dependencies_compiler_type=gcc3
am_cv_func_iconv=yes
am_cv_func_iconv_works=yes
am_cv_lib_iconv=no
am_cv_make_support_nested_variables=yes
am_cv_prog_cc_c_o=yes
am_cv_prog_tar_ustar=gnutar
am_cv_proto_iconv='extern size_t iconv (iconv_t cd, char * *inbuf, size_t *inbytesleft, char * *outbuf, size_t *outbytesleft);'
am_cv_proto_iconv_arg1=
ax_cv_check_vscript_complex_wildcards=yes
ax_cv_check_vscript_flag=--version-script
lt_cv_ar_at_file=@
lt_cv_archive_cmds_need_lc=no
lt_cv_deplibs_check_method=pass_all
lt_cv_file_magic_cmd='$MAGIC_CMD'
lt_cv_file_magic_test_file=
lt_cv_ld_reload_flag=-r
lt_cv_nm_interface='BSD nm'
lt_cv_objdir=.libs
lt_cv_path_LD=/usr/bin/ld
lt_cv_path_NM='/usr/bin/nm -B'
lt_cv_path_mainfest_tool=no
lt_cv_prog_compiler_c_o=yes
lt_cv_prog_compiler_pic='-fPIC -DPIC'
lt_cv_prog_compiler_pic_works=yes
lt_cv_prog_compiler_rtti_exceptions=no
lt_cv_prog_compiler_static_works=yes
lt_cv_prog_gnu_ld=yes
lt_cv_sharedlib_from_linklib_cmd='printf %s\n'
lt_cv_shlibpath_overrides_runpath=no
lt_cv_sys_global_symbol_pipe='sed -n -e '\''s/^.*[	 ]\([ABCDGIRSTW][ABCDGIRSTW]*\)[	 ][	 ]*\([_A-Za-z][_A-Za-z0-9]*\)$/\1 \2 \2/p'\'' | sed '\''/ __gnu_lto/d'\'''
lt_cv_sys_global_symbol_to_c_name_address='sed -n -e '\''s/^: \(.*\) .*$/  {"\1", (void *) 0},/p'\'' -e '\''s/^[ABCDGIRSTW][ABCDGIRSTW]* .* \(.*\)$/  {"\1", (void *) \&\1},/p'\'''
lt_cv_sys_global_symbol_to_c_name_address_lib_prefix='sed -n -e '\''s/^: \(.*\) .*$/  {"\1", (void *) 0},/p'\'' -e '\''s/^[ABCDGIRSTW][ABCDGIRSTW]* .* \(lib.*\)$/  {"\1", (void *) \&\1},/p'\'' -e '\''s/^[ABCDGIRSTW][ABCDGIRSTW]* .* \(.*\)$/  {"lib\1", (void *) \&\1},/p'\'''
lt_cv_sys_global_symbol_to_cdecl='sed -n -e '\''s/^T .* \(.*\)$/extern int \1();/p'\'' -e '\''s/^[ABCDGIRSTW][ABCDGIRSTW]* .* \(.*\)$/extern char \1;/p'\'''
lt_cv_sys_global_symbol_to_import=
lt_cv_sys_max_cmd_len=1572864
lt_cv_to_host_file_cmd=func_convert_file_noop
lt_cv_to_tool_file_cmd=func_convert_file_noop
lt_cv_truncate_bin='/bin/dd bs=4096 count=1'
pkg_cv_LIBLZ4_CFLAGS=
pkg_cv_LIBLZ4_LIBS=-llz4
pkg_cv_LIBXML2_CFLAGS=-I/usr/include/libxml2
pkg_cv_LIBXML2_LIBS=-lxml2
pkg_cv_OPENSSL_CFLAGS=
pkg_cv_OPENSSL_LIBS='-lssl -lcrypto'
pkg_cv_ZLIB_CFLAGS=
pkg_cv_ZLIB_LIBS=-lz

## ----------------- ##
## Output variables. ##
## ----------------- ##

	   $(top_srcdir)/openconnect.8.in \
	   $(top_srcdir)/openconnect.h \
	   $(top_srcdir)/tests/configs/test-user-cert.config.in \
	   $(top_srcdir)/tests/configs/test-user-pass.config.in'
	   $(top_srcdir)/tests/softhsm2.conf.in \
           $(top_srcdir)/libopenconnect.map.in \
ACLOCAL='${SHELL} /home/vanguard/Downloads/openconnect-7.08/missing aclocal-1.15'
AMDEPBACKSLASH='\'
AMDEP_FALSE='#'
AMDEP_TRUE=''
AMTAR='$${TAR-tar}'
AM_BACKSLASH='\'
AM_DEFAULT_V='$(AM_DEFAULT_VERBOSITY)'
AM_DEFAULT_VERBOSITY='0'
AM_V='$(V)'
APIMAJOR='5'
APIMINOR='4'
AR='ar'
AUTOCONF='${SHELL} /home/vanguard/Downloads/openconnect-7.08/missing autoconf'
AUTOHEADER='${SHELL} /home/vanguard/Downloads/openconnect-7.08/missing autoheader'
AUTOMAKE='${SHELL} /home/vanguard/Downloads/openconnect-7.08/missing automake-1.15'
AWK='mawk'
BUILD_WWW_FALSE=''
BUILD_WWW_TRUE='#'
CC='gcc'
CCDEPMODE='depmode=gcc3'
CFLAGS='-g -O2'
CHECK_DTLS_FALSE='#'
CHECK_DTLS_TRUE=''
CONFIG_STATUS_DEPENDENCIES='$(top_srcdir)/po/LINGUAS \
CPP='gcc -E'
CPPFLAGS=''
CWRAP_CFLAGS=''
CWRAP_LIBS=''
CYGPATH_W='echo'
DEFAULT_VPNCSCRIPT='/usr/share/vpnc-scripts/vpnc-script'
DEFS='-DHAVE_CONFIG_H'
DEPDIR='.deps'
DLLTOOL='false'
DSYMUTIL=''
DTLS_XFAIL_FALSE=''
DTLS_XFAIL_TRUE='#'
DUMPBIN=''
ECHO_C=''
ECHO_N='-n'
ECHO_T=''
EGREP='/bin/grep -E'
EXEEXT=''
FGREP='/bin/grep -F'
GITVERSIONDEPS=''
GNUTLS_CFLAGS=''
GNUTLS_LIBS=''
GREP='/bin/grep'
GROFF=''
GSSAPI_CFLAGS=''
GSSAPI_LIBS=''
HAVE_CWRAP_FALSE=''
HAVE_CWRAP_TRUE='#'
HAVE_VSCRIPT_COMPLEX_FALSE='#'
HAVE_VSCRIPT_COMPLEX_TRUE=''
HAVE_VSCRIPT_FALSE='#'
HAVE_VSCRIPT_TRUE=''
ICONV_CFLAGS=''
ICONV_LIBS=''
INSTALL_DATA='${INSTALL} -m 644'
INSTALL_PROGRAM='${INSTALL}'
INSTALL_SCRIPT='${INSTALL}'
INSTALL_STRIP_PROGRAM='$(install_sh) -c -s'
INTL_CFLAGS=''
INTL_LIBS=''
JNI_CFLAGS=''
JNI_STANDALONE_FALSE=''
JNI_STANDALONE_TRUE='#'
KRB5_CONFIG=''
LD='/usr/bin/ld -m elf_x86_64'
LDFLAGS=''
LIBICONV=''
LIBLZ4_CFLAGS=''
LIBLZ4_LIBS='-llz4'
LIBLZ4_PC='liblz4'
LIBOBJS=''
LIBP11_CFLAGS=''
LIBP11_LIBS=''
LIBPCSCLITE_CFLAGS=''
LIBPCSCLITE_LIBS=''
LIBPCSCLITE_PC=''
LIBPROXY_CFLAGS=''
LIBPROXY_LIBS=''
LIBPROXY_PC=''
LIBPSKC_CFLAGS=''
LIBPSKC_LIBS=''
LIBPSKC_PC=''
LIBS=''
LIBSTOKEN_CFLAGS=''
LIBSTOKEN_LIBS=''
LIBSTOKEN_PC=''
LIBTOOL='$(SHELL) $(top_builddir)/libtool'
LIBXML2_CFLAGS='-I/usr/include/libxml2'
LIBXML2_LIBS='-lxml2'
LINGUAS='ar bs ca cs de el en_GB en_US es eu fi fr gl hu id it lt nl pa pl pt_BR pt sk sl sr@latin sr sv tg tr ug uk zh_CN zh_TW'
LIPO=''
LN_S='ln -s'
LTLIBICONV=''
LTLIBOBJS=''
LT_SYS_LIBRARY_PATH=''
MAINT=''
MAINTAINER_MODE_FALSE='#'
MAINTAINER_MODE_TRUE=''
MAKEINFO='${SHELL} /home/vanguard/Downloads/openconnect-7.08/missing makeinfo'
MANIFEST_TOOL=':'
MKDIR_P='/bin/mkdir -p'
MSGFMT='/usr/bin/msgfmt'
NM='/usr/bin/nm -B'
NMEDIT=''
OBJDUMP='objdump'
OBJEXT='o'
OCSERV_GROUP='vanguard'
OCSERV_USER='vanguard'
OPENBSD_LIBTOOL_FALSE=''
OPENBSD_LIBTOOL_TRUE='#'
OPENCONNECT_DTLS_FALSE='#'
OPENCONNECT_DTLS_TRUE=''
OPENCONNECT_ESP_FALSE='#'
OPENCONNECT_ESP_TRUE=''
OPENCONNECT_GNUTLS_FALSE=''
OPENCONNECT_GNUTLS_TRUE='#'
OPENCONNECT_GSSAPI_FALSE=''
OPENCONNECT_GSSAPI_TRUE='#'
OPENCONNECT_ICONV_FALSE='#'
OPENCONNECT_ICONV_TRUE=''
OPENCONNECT_JNI_FALSE=''
OPENCONNECT_JNI_TRUE='#'
OPENCONNECT_LIBPCSCLITE_FALSE=''
OPENCONNECT_LIBPCSCLITE_TRUE='#'
OPENCONNECT_OPENSSL_FALSE='#'
OPENCONNECT_OPENSSL_TRUE=''
OPENCONNECT_STOKEN_FALSE=''
OPENCONNECT_STOKEN_TRUE='#'
OPENCONNECT_WIN32_FALSE=''
OPENCONNECT_WIN32_TRUE='#'
OPENSSL_CFLAGS=''
OPENSSL_LIBS='-lssl -lcrypto'
OTOOL64=''
OTOOL=''
P11KIT_CFLAGS=''
P11KIT_LIBS=''
P11KIT_PC=''
PACKAGE='openconnect'
PACKAGE_BUGREPORT=''
PACKAGE_NAME='openconnect'
PACKAGE_STRING='openconnect 7.08'
PACKAGE_TARNAME='openconnect'
PACKAGE_URL=''
PACKAGE_VERSION='7.08'
PATH_SEPARATOR=':'
PKG_CONFIG='/usr/bin/pkg-config'
PKG_CONFIG_LIBDIR=''
PKG_CONFIG_PATH=''
PYTHON='/usr/bin/python2'
RANLIB='ranlib'
SED='/bin/sed'
SET_MAKE=''
SHELL='/bin/bash'
SSL_CFLAGS='$(OPENSSL_CFLAGS)'
SSL_LIBS='$(OPENSSL_LIBS)'
SSL_PC='openssl'
STRIP='strip'
SYMVER_ASPRINTF=''
SYMVER_GETLINE=''
SYMVER_JAVA=''
SYMVER_TIME=''
SYMVER_VASPRINTF=''
SYMVER_WIN32_STRERROR=''
TEST_DSA_FALSE='#'
TEST_DSA_TRUE=''
TEST_PKCS11_FALSE=''
TEST_PKCS11_TRUE='#'
TSS_CFLAGS=''
TSS_LIBS=''
USE_NLS_FALSE='#'
USE_NLS_TRUE=''
VERSION='7.08'
VSCRIPT_LDFLAGS='-Wl,--version-script'
WFLAGS='  -Wall -Wextra -Wno-missing-field-initializers -Wno-sign-compare -Wno-unused-parameter -Werror=pointer-to-int-cast -Wdeclaration-after-statement -Werror-implicit-function-declaration -Wformat-nonliteral -Wformat-security -Winit-self -Wmissing-declarations -Wmissing-include-dirs -Wnested-externs -Wpointer-arith -Wwrite-strings'
ZLIB_CFLAGS=''
ZLIB_LIBS='-lz'
ZLIB_PC='zlib'
_ACJNI_JAVAC=''
ac_ct_AR='ar'
ac_ct_CC='gcc'
ac_ct_DUMPBIN=''
am__EXEEXT_FALSE=''
am__EXEEXT_TRUE='#'
am__fastdepCC_FALSE='#'
am__fastdepCC_TRUE=''
am__include='include'
am__isrc=''
am__leading_dot='.'
am__nodep='_no'
am__quote=''
am__tar='tar --format=ustar -chf - "$$tardir"'
am__untar='tar -xf -'
bindir='${exec_prefix}/bin'
build='x86_64-unknown-linux-gnu'
build_alias=''
build_cpu='x86_64'
build_os='linux-gnu'
build_vendor='unknown'
datadir='${datarootdir}'
datarootdir='${prefix}/share'
docdir='${datarootdir}/doc/${PACKAGE_TARNAME}'
dvidir='${docdir}'
exec_prefix='${prefix}'
host='x86_64-unknown-linux-gnu'
host_alias=''
host_cpu='x86_64'
host_os='linux-gnu'
host_vendor='unknown'
htmldir='${docdir}'
includedir='${prefix}/include'
infodir='${datarootdir}/info'
install_sh='${SHELL} /home/vanguard/Downloads/openconnect-7.08/install-sh'
libdir='${exec_prefix}/lib'
libexecdir='${exec_prefix}/libexec'
localedir='${datarootdir}/locale'
localstatedir='${prefix}/var'
mandir='${datarootdir}/man'
mkdir_p='$(MKDIR_P)'
oldincludedir='/usr/include'
openssl_pc_libs=''
pdfdir='${docdir}'
pkgconfigdir='${libdir}/pkgconfig'
prefix='/usr/local'
program_transform_name='s,x,x,'
psdir='${docdir}'
sbindir='${exec_prefix}/sbin'
sharedstatedir='${prefix}/com'
sysconfdir='${prefix}/etc'
system_pcsc_libs=''
target_alias=''
test_pkcs11=''

## ----------- ##
## confdefs.h. ##
## ----------- ##

/* confdefs.h */
#define PACKAGE_NAME "openconnect"
#define PACKAGE_TARNAME "openconnect"
#define PACKAGE_VERSION "7.08"
#define PACKAGE_STRING "openconnect 7.08"
#define PACKAGE_BUGREPORT ""
#define PACKAGE_URL ""
#define PACKAGE "openconnect"
#define VERSION "7.08"
#define _GNU_SOURCE 1
#define DEFAULT_VPNCSCRIPT "/usr/share/vpnc-scripts/vpnc-script"
#define HAVE_STATFS 1
#define HAVE_GETLINE 1
#define HAVE_STRCASESTR 1
#define HAVE_STRNDUP 1
#define HAVE_ASPRINTF 1
#define HAVE_VASPRINTF 1
#define HAVE_INET_ATON 1
#define HAVE_IPV6_PATHMTU 1
#define HAVE_NL_LANGINFO 1
#define HAVE_ICONV 1
#define ICONV_CONST 
#define HAVE_ICONV 1
#define ENABLE_NLS 1
#define HAVE_ENGINE 1
#define HAVE_DTLS12 1
#define OPENCONNECT_OPENSSL 1
#define HAVE_ESP 1
#define HAVE_DTLS 1
#define HAVE_LZ4 /**/
#define HAVE_LZ4_COMPRESS_DEFAULT /**/
#define STDC_HEADERS 1
#define HAVE_SYS_TYPES_H 1
#define HAVE_SYS_STAT_H 1
#define HAVE_STDLIB_H 1
#define HAVE_STRING_H 1
#define HAVE_MEMORY_H 1
#define HAVE_STRINGS_H 1
#define HAVE_INTTYPES_H 1
#define HAVE_STDINT_H 1
#define HAVE_UNISTD_H 1
#define HAVE_DLFCN_H 1
#define LT_OBJDIR ".libs/"
#define IF_TUN_HDR "linux/if_tun.h"
#define HAVE_ALLOCA_H 1
#define ENDIAN_HDR <endian.h>

configure: exit 0
